<?xml version="1.0" encoding="UTF-8" ?>
<testsuite tests="3" failures="0" name="br.com.webedia.project.connection.TestConnectionFactory" time="0.3" errors="0" skipped="0">
  <properties>
[...]
</properties>
  <testcase classname="br.com.webedia.project.connection.TestConnectionFactory" name="TestaAbrirEFecharConexaoComStatementEResultSet" time="0.297"/>
  <testcase classname="br.com.webedia.project.connection.TestConnectionFactory" name="TestaAbrirEFecharConexao" time="0"/>
  <testcase classname="br.com.webedia.project.connection.TestConnectionFactory" name="TestaAbrirEFecharConexaoComStatement" time="0.003"/>
</testsuite>